# JRE version: Java(TM) SE Runtime Environment 18.9 (11.0.8+10) (build 11.0.8+10-LTS)
# Java VM: Java HotSpot(TM) 64-Bit Server VM 18.9 (11.0.8+10-LTS, mixed mode, tiered, compressed oops, parallel gc, windows-amd64)
Heap:
 PSYoungGen      total 6144K, used 3338K [0x00000000eab00000, 0x00000000eb500000, 0x0000000100000000)
  eden space 5120K, 46% used [0x00000000eab00000,0x00000000ead528f0,0x00000000eb000000)
  from space 1024K, 93% used [0x00000000eb380000,0x00000000eb470010,0x00000000eb480000)
  to   space 512K, 0% used [0x00000000eb480000,0x00000000eb480000,0x00000000eb500000)
 ParOldGen       total 273920K, used 246109K [0x00000000c0000000, 0x00000000d0b80000, 0x00000000eab00000)
  object space 273920K, 89% used [0x00000000c0000000,0x00000000cf057780,0x00000000d0b80000)
 Metaspace       used 89679K, capacity 93694K, committed 94100K, reserved 1134592K
  class space    used 8419K, capacity 9882K, committed 9984K, reserved 1048576K
GC Heap History (10 events):
Event: 2981.274 GC heap before
{Heap before GC invocations=6081 (full 58):
 PSYoungGen      total 5632K, used 5372K [0x00000000eab00000, 0x00000000eb580000, 0x0000000100000000)
  eden space 5120K, 99% used [0x00000000eab00000,0x00000000eafff198,0x00000000eb000000)
  from space 512K, 50% used [0x00000000eb480000,0x00000000eb4c0000,0x00000000eb500000)
  to   space 512K, 0% used [0x00000000eb500000,0x00000000eb500000,0x00000000eb580000)
 ParOldGen       total 273920K, used 244193K [0x00000000c0000000, 0x00000000d0b80000, 0x00000000eab00000)
  object space 273920K, 89% used [0x00000000c0000000,0x00000000cee78590,0x00000000d0b80000)
 Metaspace       used 89595K, capacity 93691K, committed 94100K, reserved 1134592K
  class space    used 8419K, capacity 9882K, committed 9984K, reserved 1048576K
}
Event: 2981.276 GC heap after
{Heap after GC invocations=6081 (full 58):
 PSYoungGen      total 5632K, used 320K [0x00000000eab00000, 0x00000000eb580000, 0x0000000100000000)
  eden space 5120K, 0% used [0x00000000eab00000,0x00000000eab00000,0x00000000eb000000)
  from space 512K, 62% used [0x00000000eb500000,0x00000000eb550000,0x00000000eb580000)
  to   space 512K, 0% used [0x00000000eb480000,0x00000000eb480000,0x00000000eb500000)
 ParOldGen       total 273920K, used 244193K [0x00000000c0000000, 0x00000000d0b80000, 0x00000000eab00000)
  object space 273920K, 89% used [0x00000000c0000000,0x00000000cee78590,0x00000000d0b80000)
 Metaspace       used 89595K, capacity 93691K, committed 94100K, reserved 1134592K
  class space    used 8419K, capacity 9882K, committed 9984K, reserved 1048576K
}
Event: 3112.508 GC heap before
{Heap before GC invocations=6082 (full 58):
 PSYoungGen      total 5632K, used 5432K [0x00000000eab00000, 0x00000000eb580000, 0x0000000100000000)
  eden space 5120K, 99% used [0x00000000eab00000,0x00000000eaffe230,0x00000000eb000000)
  from space 512K, 62% used [0x00000000eb500000,0x00000000eb550000,0x00000000eb580000)
  to   space 512K, 0% used [0x00000000eb480000,0x00000000eb480000,0x00000000eb500000)
 ParOldGen       total 273920K, used 244193K [0x00000000c0000000, 0x00000000d0b80000, 0x00000000eab00000)
  object space 273920K, 89% used [0x00000000c0000000,0x00000000cee78590,0x00000000d0b80000)
 Metaspace       used 89628K, capacity 93691K, committed 94100K, reserved 1134592K
  class space    used 8419K, capacity 9882K, committed 9984K, reserved 1048576K
}
Event: 3112.510 GC heap after
{Heap after GC invocations=6082 (full 58):
 PSYoungGen      total 5632K, used 480K [0x00000000eab00000, 0x00000000eb580000, 0x0000000100000000)
  eden space 5120K, 0% used [0x00000000eab00000,0x00000000eab00000,0x00000000eb000000)
  from space 512K, 93% used [0x00000000eb480000,0x00000000eb4f8010,0x00000000eb500000)
  to   space 512K, 0% used [0x00000000eb500000,0x00000000eb500000,0x00000000eb580000)
 ParOldGen       total 273920K, used 244193K [0x00000000c0000000, 0x00000000d0b80000, 0x00000000eab00000)
  object space 273920K, 89% used [0x00000000c0000000,0x00000000cee78590,0x00000000d0b80000)
 Metaspace       used 89628K, capacity 93691K, committed 94100K, reserved 1134592K
  class space    used 8419K, capacity 9882K, committed 9984K, reserved 1048576K
}
Event: 3194.342 GC heap before
{Heap before GC invocations=6083 (full 58):
 PSYoungGen      total 5632K, used 5600K [0x00000000eab00000, 0x00000000eb580000, 0x0000000100000000)
  eden space 5120K, 100% used [0x00000000eab00000,0x00000000eb000000,0x00000000eb000000)
  from space 512K, 93% used [0x00000000eb480000,0x00000000eb4f8010,0x00000000eb500000)
  to   space 512K, 0% used [0x00000000eb500000,0x00000000eb500000,0x00000000eb580000)
 ParOldGen       total 273920K, used 244193K [0x00000000c0000000, 0x00000000d0b80000, 0x00000000eab00000)
  object space 273920K, 89% used [0x00000000c0000000,0x00000000cee78590,0x00000000d0b80000)
 Metaspace       used 89660K, capacity 93691K, committed 94100K, reserved 1134592K
  class space    used 8419K, capacity 9882K, committed 9984K, reserved 1048576K
}
Event: 3194.343 GC heap after
{Heap after GC invocations=6083 (full 58):
 PSYoungGen      total 5632K, used 512K [0x00000000eab00000, 0x00000000eb580000, 0x0000000100000000)
  eden space 5120K, 0% used [0x00000000eab00000,0x00000000eab00000,0x00000000eb000000)
  from space 512K, 100% used [0x00000000eb500000,0x00000000eb580000,0x00000000eb580000)
  to   space 1024K, 0% used [0x00000000eb380000,0x00000000eb380000,0x00000000eb480000)
 ParOldGen       total 273920K, used 244193K [0x00000000c0000000, 0x00000000d0b80000, 0x00000000eab00000)
  object space 273920K, 89% used [0x00000000c0000000,0x00000000cee78590,0x00000000d0b80000)
 Metaspace       used 89660K, capacity 93691K, committed 94100K, reserved 1134592K
  class space    used 8419K, capacity 9882K, committed 9984K, reserved 1048576K
}
Event: 3327.088 GC heap before
{Heap before GC invocations=6084 (full 58):
 PSYoungGen      total 5632K, used 5632K [0x00000000eab00000, 0x00000000eb580000, 0x0000000100000000)
  eden space 5120K, 100% used [0x00000000eab00000,0x00000000eb000000,0x00000000eb000000)
  from space 512K, 100% used [0x00000000eb500000,0x00000000eb580000,0x00000000eb580000)
  to   space 1024K, 0% used [0x00000000eb380000,0x00000000eb380000,0x00000000eb480000)
 ParOldGen       total 273920K, used 244193K [0x00000000c0000000, 0x00000000d0b80000, 0x00000000eab00000)
  object space 273920K, 89% used [0x00000000c0000000,0x00000000cee78590,0x00000000d0b80000)
 Metaspace       used 89676K, capacity 93694K, committed 94100K, reserved 1134592K
  class space    used 8419K, capacity 9882K, committed 9984K, reserved 1048576K
}
Event: 3327.089 GC heap after
{Heap after GC invocations=6084 (full 58):
 PSYoungGen      total 6144K, used 832K [0x00000000eab00000, 0x00000000eb580000, 0x0000000100000000)
  eden space 5120K, 0% used [0x00000000eab00000,0x00000000eab00000,0x00000000eb000000)
  from space 1024K, 81% used [0x00000000eb380000,0x00000000eb450020,0x00000000eb480000)
  to   space 1024K, 0% used [0x00000000eb480000,0x00000000eb480000,0x00000000eb580000)
 ParOldGen       total 273920K, used 244201K [0x00000000c0000000, 0x00000000d0b80000, 0x00000000eab00000)
  object space 273920K, 89% used [0x00000000c0000000,0x00000000cee7a590,0x00000000d0b80000)
 Metaspace       used 89676K, capacity 93694K, committed 94100K, reserved 1134592K
  class space    used 8419K, capacity 9882K, committed 9984K, reserved 1048576K
}
Event: 3327.099 GC heap before
{Heap before GC invocations=6085 (full 58):
 PSYoungGen      total 6144K, used 5893K [0x00000000eab00000, 0x00000000eb580000, 0x0000000100000000)
  eden space 5120K, 98% used [0x00000000eab00000,0x00000000eaff1530,0x00000000eb000000)
  from space 1024K, 81% used [0x00000000eb380000,0x00000000eb450020,0x00000000eb480000)
  to   space 1024K, 0% used [0x00000000eb480000,0x00000000eb480000,0x00000000eb580000)
 ParOldGen       total 273920K, used 244201K [0x00000000c0000000, 0x00000000d0b80000, 0x00000000eab00000)
  object space 273920K, 89% used [0x00000000c0000000,0x00000000cee7a590,0x00000000d0b80000)
 Metaspace       used 89676K, capacity 93694K, committed 94100K, reserved 1134592K
  class space    used 8419K, capacity 9882K, committed 9984K, reserved 1048576K
}
Event: 3327.101 GC heap after
{Heap after GC invocations=6085 (full 58):
 PSYoungGen      total 6144K, used 896K [0x00000000eab00000, 0x00000000eb580000, 0x0000000100000000)
  eden space 5120K, 0% used [0x00000000eab00000,0x00000000eab00000,0x00000000eb000000)
  from space 1024K, 87% used [0x00000000eb480000,0x00000000eb560020,0x00000000eb580000)
  to   space 1024K, 0% used [0x00000000eb380000,0x00000000eb380000,0x00000000eb480000)
 ParOldGen       total 273920K, used 246061K [0x00000000c0000000, 0x00000000d0b80000, 0x00000000eab00000)
  object space 273920K, 89% used [0x00000000c0000000,0x00000000cf04b780,0x00000000d0b80000)
 Metaspace       used 89676K, capacity 93694K, committed 94100K, reserved 1134592K
  class space    used 8419K, capacity 9882K, committed 9984K, reserved 1048576K
}

